<?xml version="1.0" encoding="UTF-8"?>
<testsuite xmlns:xsi="http://www.w3.org/2001/XMLSchema-instance" xsi:noNamespaceSchemaLocation="https://maven.apache.org/surefire/maven-surefire-plugin/xsd/surefire-test-report-3.0.xsd" version="3.0" name="org.acme.rest.GreetingResourceTest" time="3.512" tests="1" errors="0" skipped="0" failures="0">
  <properties>
    <property name="sun.desktop" value="gnome"/>
    <property name="awt.toolkit" value="sun.awt.X11.XToolkit"/>
    <property name="java.specification.version" value="11"/>
    <property name="sun.cpu.isalist" value=""/>
    <property name="test.url" value="http://localhost:8081"/>
    <property name="sun.jnu.encoding" value="UTF-8"/>
    <property name="java.class.path" value="/home/rmarques/Documents/workspace-java/quarkus-sample-ab/target/test-classes:/home/rmarques/Documents/workspace-java/quarkus-sample-ab/target/classes:/home/rmarques/.m2/repository/io/quarkus/quarkus-openshift/2.0.0.Final/quarkus-openshift-2.0.0.Final.jar:/home/rmarques/.m2/repository/io/quarkus/quarkus-kubernetes-client-internal/2.0.0.Final/quarkus-kubernetes-client-internal-2.0.0.Final.jar:/home/rmarques/.m2/repository/io/quarkus/quarkus-container-image-openshift/2.0.0.Final/quarkus-container-image-openshift-2.0.0.Final.jar:/home/rmarques/.m2/repository/io/quarkus/quarkus-container-image/2.0.0.Final/quarkus-container-image-2.0.0.Final.jar:/home/rmarques/.m2/repository/io/quarkus/quarkus-kubernetes/2.0.0.Final/quarkus-kubernetes-2.0.0.Final.jar:/home/rmarques/.m2/repository/io/quarkus/quarkus-resteasy/2.0.0.Final/quarkus-resteasy-2.0.0.Final.jar:/home/rmarques/.m2/repository/io/quarkus/quarkus-vertx-http/2.0.0.Final/quarkus-vertx-http-2.0.0.Final.jar:/home/rmarques/.m2/repository/io/quarkus/quarkus-security-runtime-spi/2.0.0.Final/quarkus-security-runtime-spi-2.0.0.Final.jar:/home/rmarques/.m2/repository/io/quarkus/quarkus-mutiny/2.0.0.Final/quarkus-mutiny-2.0.0.Final.jar:/home/rmarques/.m2/repository/io/smallrye/reactive/mutiny/0.17.0/mutiny-0.17.0.jar:/home/rmarques/.m2/repository/org/reactivestreams/reactive-streams/1.0.3/reactive-streams-1.0.3.jar:/home/rmarques/.m2/repository/io/smallrye/common/smallrye-common-annotation/1.6.0/smallrye-common-annotation-1.6.0.jar:/home/rmarques/.m2/repository/io/quarkus/quarkus-smallrye-context-propagation/2.0.0.Final/quarkus-smallrye-context-propagation-2.0.0.Final.jar:/home/rmarques/.m2/repository/io/smallrye/smallrye-context-propagation/1.2.0/smallrye-context-propagation-1.2.0.jar:/home/rmarques/.m2/repository/io/smallrye/smallrye-context-propagation-api/1.2.0/smallrye-context-propagation-api-1.2.0.jar:/home/rmarques/.m2/repository/io/smallrye/smallrye-context-propagation-storage/1.2.0/smallrye-context-propagation-storage-1.2.0.jar:/home/rmarques/.m2/repository/io/smallrye/reactive/mutiny-smallrye-context-propagation/0.17.0/mutiny-smallrye-context-propagation-0.17.0.jar:/home/rmarques/.m2/repository/io/quarkus/quarkus-vertx-http-dev-console-runtime-spi/2.0.0.Final/quarkus-vertx-http-dev-console-runtime-spi-2.0.0.Final.jar:/home/rmarques/.m2/repository/io/quarkus/security/quarkus-security/1.1.4.Final/quarkus-security-1.1.4.Final.jar:/home/rmarques/.m2/repository/io/quarkus/quarkus-vertx-core/2.0.0.Final/quarkus-vertx-core-2.0.0.Final.jar:/home/rmarques/.m2/repository/io/quarkus/quarkus-netty/2.0.0.Final/quarkus-netty-2.0.0.Final.jar:/home/rmarques/.m2/repository/io/netty/netty-codec/4.1.65.Final/netty-codec-4.1.65.Final.jar:/home/rmarques/.m2/repository/io/netty/netty-codec-http/4.1.65.Final/netty-codec-http-4.1.65.Final.jar:/home/rmarques/.m2/repository/io/netty/netty-codec-http2/4.1.65.Final/netty-codec-http2-4.1.65.Final.jar:/home/rmarques/.m2/repository/io/netty/netty-handler/4.1.65.Final/netty-handler-4.1.65.Final.jar:/home/rmarques/.m2/repository/io/netty/netty-codec-haproxy/4.1.65.Final/netty-codec-haproxy-4.1.65.Final.jar:/home/rmarques/.m2/repository/io/netty/netty-buffer/4.1.65.Final/netty-buffer-4.1.65.Final.jar:/home/rmarques/.m2/repository/io/netty/netty-transport/4.1.65.Final/netty-transport-4.1.65.Final.jar:/home/rmarques/.m2/repository/io/vertx/vertx-core/4.1.0/vertx-core-4.1.0.jar:/home/rmarques/.m2/repository/io/netty/netty-common/4.1.65.Final/netty-common-4.1.65.Final.jar:/home/rmarques/.m2/repository/io/netty/netty-handler-proxy/4.1.65.Final/netty-handler-proxy-4.1.65.Final.jar:/home/rmarques/.m2/repository/io/netty/netty-codec-socks/4.1.65.Final/netty-codec-socks-4.1.65.Final.jar:/home/rmarques/.m2/repository/io/netty/netty-resolver/4.1.65.Final/netty-resolver-4.1.65.Final.jar:/home/rmarques/.m2/repository/io/netty/netty-resolver-dns/4.1.65.Final/netty-resolver-dns-4.1.65.Final.jar:/home/rmarques/.m2/repository/io/netty/netty-codec-dns/4.1.65.Final/netty-codec-dns-4.1.65.Final.jar:/home/rmarques/.m2/repository/com/fasterxml/jackson/core/jackson-core/2.12.3/jackson-core-2.12.3.jar:/home/rmarques/.m2/repository/io/vertx/vertx-web/4.1.0/vertx-web-4.1.0.jar:/home/rmarques/.m2/repository/io/vertx/vertx-web-common/4.1.0/vertx-web-common-4.1.0.jar:/home/rmarques/.m2/repository/io/vertx/vertx-auth-common/4.1.0/vertx-auth-common-4.1.0.jar:/home/rmarques/.m2/repository/io/vertx/vertx-bridge-common/4.1.0/vertx-bridge-common-4.1.0.jar:/home/rmarques/.m2/repository/io/quarkus/quarkus-resteasy-server-common/2.0.0.Final/quarkus-resteasy-server-common-2.0.0.Final.jar:/home/rmarques/.m2/repository/io/quarkus/quarkus-resteasy-common/2.0.0.Final/quarkus-resteasy-common-2.0.0.Final.jar:/home/rmarques/.m2/repository/org/jboss/resteasy/resteasy-core/4.6.1.Final/resteasy-core-4.6.1.Final.jar:/home/rmarques/.m2/repository/org/jboss/spec/javax/ws/rs/jboss-jaxrs-api_2.1_spec/2.0.1.Final/jboss-jaxrs-api_2.1_spec-2.0.1.Final.jar:/home/rmarques/.m2/repository/org/jboss/spec/javax/xml/bind/jboss-jaxb-api_2.3_spec/2.0.0.Final/jboss-jaxb-api_2.3_spec-2.0.0.Final.jar:/home/rmarques/.m2/repository/org/jboss/resteasy/resteasy-core-spi/4.6.1.Final/resteasy-core-spi-4.6.1.Final.jar:/home/rmarques/.m2/repository/com/ibm/async/asyncutil/0.1.0/asyncutil-0.1.0.jar:/home/rmarques/.m2/repository/com/sun/activation/jakarta.activation/1.2.1/jakarta.activation-1.2.1.jar:/home/rmarques/.m2/repository/jakarta/validation/jakarta.validation-api/2.0.2/jakarta.validation-api-2.0.2.jar:/home/rmarques/.m2/repository/io/quarkus/quarkus-arc/2.0.0.Final/quarkus-arc-2.0.0.Final.jar:/home/rmarques/.m2/repository/io/quarkus/arc/arc/2.0.0.Final/arc-2.0.0.Final.jar:/home/rmarques/.m2/repository/jakarta/enterprise/jakarta.enterprise.cdi-api/2.0.2/jakarta.enterprise.cdi-api-2.0.2.jar:/home/rmarques/.m2/repository/jakarta/el/jakarta.el-api/3.0.3/jakarta.el-api-3.0.3.jar:/home/rmarques/.m2/repository/jakarta/interceptor/jakarta.interceptor-api/1.2.5/jakarta.interceptor-api-1.2.5.jar:/home/rmarques/.m2/repository/jakarta/annotation/jakarta.annotation-api/1.3.5/jakarta.annotation-api-1.3.5.jar:/home/rmarques/.m2/repository/jakarta/transaction/jakarta.transaction-api/1.3.3/jakarta.transaction-api-1.3.3.jar:/home/rmarques/.m2/repository/org/jboss/logging/jboss-logging/3.4.2.Final/jboss-logging-3.4.2.Final.jar:/home/rmarques/.m2/repository/io/quarkus/quarkus-core/2.0.0.Final/quarkus-core-2.0.0.Final.jar:/home/rmarques/.m2/repository/jakarta/inject/jakarta.inject-api/1.0/jakarta.inject-api-1.0.jar:/home/rmarques/.m2/repository/io/quarkus/quarkus-ide-launcher/2.0.0.Final/quarkus-ide-launcher-2.0.0.Final.jar:/home/rmarques/.m2/repository/io/quarkus/quarkus-development-mode-spi/2.0.0.Final/quarkus-development-mode-spi-2.0.0.Final.jar:/home/rmarques/.m2/repository/io/smallrye/config/smallrye-config/2.3.0/smallrye-config-2.3.0.jar:/home/rmarques/.m2/repository/io/smallrye/config/smallrye-config-core/2.3.0/smallrye-config-core-2.3.0.jar:/home/rmarques/.m2/repository/org/eclipse/microprofile/config/microprofile-config-api/2.0/microprofile-config-api-2.0.jar:/home/rmarques/.m2/repository/io/smallrye/common/smallrye-common-expression/1.6.0/smallrye-common-expression-1.6.0.jar:/home/rmarques/.m2/repository/io/smallrye/common/smallrye-common-function/1.6.0/smallrye-common-function-1.6.0.jar:/home/rmarques/.m2/repository/io/smallrye/common/smallrye-common-constraint/1.6.0/smallrye-common-constraint-1.6.0.jar:/home/rmarques/.m2/repository/io/smallrye/common/smallrye-common-classloader/1.6.0/smallrye-common-classloader-1.6.0.jar:/home/rmarques/.m2/repository/io/smallrye/config/smallrye-config-common/2.3.0/smallrye-config-common-2.3.0.jar:/home/rmarques/.m2/repository/org/jboss/logmanager/jboss-logmanager-embedded/1.0.9/jboss-logmanager-embedded-1.0.9.jar:/home/rmarques/.m2/repository/org/jboss/logging/jboss-logging-annotations/2.2.1.Final/jboss-logging-annotations-2.2.1.Final.jar:/home/rmarques/.m2/repository/org/jboss/threads/jboss-threads/3.4.0.Final/jboss-threads-3.4.0.Final.jar:/home/rmarques/.m2/repository/org/slf4j/slf4j-api/1.7.30/slf4j-api-1.7.30.jar:/home/rmarques/.m2/repository/org/jboss/slf4j/slf4j-jboss-logmanager/1.1.0.Final/slf4j-jboss-logmanager-1.1.0.Final.jar:/home/rmarques/.m2/repository/org/graalvm/sdk/graal-sdk/21.1.0/graal-sdk-21.1.0.jar:/home/rmarques/.m2/repository/org/wildfly/common/wildfly-common/1.5.4.Final-format-001/wildfly-common-1.5.4.Final-format-001.jar:/home/rmarques/.m2/repository/io/quarkus/quarkus-bootstrap-runner/2.0.0.Final/quarkus-bootstrap-runner-2.0.0.Final.jar:/home/rmarques/.m2/repository/org/eclipse/microprofile/context-propagation/microprofile-context-propagation-api/1.2/microprofile-context-propagation-api-1.2.jar:/home/rmarques/.m2/repository/io/quarkus/quarkus-junit5/2.0.0.Final/quarkus-junit5-2.0.0.Final.jar:/home/rmarques/.m2/repository/io/quarkus/quarkus-bootstrap-core/2.0.0.Final/quarkus-bootstrap-core-2.0.0.Final.jar:/home/rmarques/.m2/repository/io/quarkus/quarkus-bootstrap-app-model/2.0.0.Final/quarkus-bootstrap-app-model-2.0.0.Final.jar:/home/rmarques/.m2/repository/io/quarkus/quarkus-bootstrap-maven-resolver/2.0.0.Final/quarkus-bootstrap-maven-resolver-2.0.0.Final.jar:/home/rmarques/.m2/repository/org/apache/maven/maven-embedder/3.8.1/maven-embedder-3.8.1.jar:/home/rmarques/.m2/repository/org/apache/maven/maven-settings/3.8.1/maven-settings-3.8.1.jar:/home/rmarques/.m2/repository/org/apache/maven/maven-core/3.8.1/maven-core-3.8.1.jar:/home/rmarques/.m2/repository/org/apache/maven/maven-artifact/3.8.1/maven-artifact-3.8.1.jar:/home/rmarques/.m2/repository/org/codehaus/plexus/plexus-component-annotations/2.1.0/plexus-component-annotations-2.1.0.jar:/home/rmarques/.m2/repository/org/apache/maven/maven-plugin-api/3.8.1/maven-plugin-api-3.8.1.jar:/home/rmarques/.m2/repository/org/apache/maven/maven-model/3.8.1/maven-model-3.8.1.jar:/home/rmarques/.m2/repository/org/apache/maven/maven-model-builder/3.8.1/maven-model-builder-3.8.1.jar:/home/rmarques/.m2/repository/org/apache/maven/maven-builder-support/3.8.1/maven-builder-support-3.8.1.jar:/home/rmarques/.m2/repository/org/apache/maven/resolver/maven-resolver-api/1.6.2/maven-resolver-api-1.6.2.jar:/home/rmarques/.m2/repository/org/apache/maven/resolver/maven-resolver-util/1.6.2/maven-resolver-util-1.6.2.jar:/home/rmarques/.m2/repository/org/apache/maven/shared/maven-shared-utils/3.2.1/maven-shared-utils-3.2.1.jar:/home/rmarques/.m2/repository/commons-io/commons-io/2.8.0/commons-io-2.8.0.jar:/home/rmarques/.m2/repository/com/google/inject/guice/4.2.1/guice-4.2.1-no_aop.jar:/home/rmarques/.m2/repository/com/google/guava/guava/30.1.1-jre/guava-30.1.1-jre.jar:/home/rmarques/.m2/repository/com/google/guava/failureaccess/1.0.1/failureaccess-1.0.1.jar:/home/rmarques/.m2/repository/com/google/guava/listenablefuture/9999.0-empty-to-avoid-conflict-with-guava/listenablefuture-9999.0-empty-to-avoid-conflict-with-guava.jar:/home/rmarques/.m2/repository/org/codehaus/plexus/plexus-utils/3.2.1/plexus-utils-3.2.1.jar:/home/rmarques/.m2/repository/org/codehaus/plexus/plexus-classworlds/2.6.0/plexus-classworlds-2.6.0.jar:/home/rmarques/.m2/repository/commons-cli/commons-cli/1.4/commons-cli-1.4.jar:/home/rmarques/.m2/repository/org/eclipse/sisu/org.eclipse.sisu.plexus/0.3.4/org.eclipse.sisu.plexus-0.3.4.jar:/home/rmarques/.m2/repository/org/apache/maven/maven-settings-builder/3.8.1/maven-settings-builder-3.8.1.jar:/home/rmarques/.m2/repository/org/codehaus/plexus/plexus-interpolation/1.25/plexus-interpolation-1.25.jar:/home/rmarques/.m2/repository/org/sonatype/plexus/plexus-sec-dispatcher/1.4/plexus-sec-dispatcher-1.4.jar:/home/rmarques/.m2/repository/org/sonatype/plexus/plexus-cipher/1.4/plexus-cipher-1.4.jar:/home/rmarques/.m2/repository/org/apache/maven/maven-resolver-provider/3.8.1/maven-resolver-provider-3.8.1.jar:/home/rmarques/.m2/repository/org/apache/maven/maven-repository-metadata/3.8.1/maven-repository-metadata-3.8.1.jar:/home/rmarques/.m2/repository/org/apache/maven/resolver/maven-resolver-spi/1.6.2/maven-resolver-spi-1.6.2.jar:/home/rmarques/.m2/repository/org/apache/maven/resolver/maven-resolver-impl/1.6.2/maven-resolver-impl-1.6.2.jar:/home/rmarques/.m2/repository/org/apache/maven/resolver/maven-resolver-connector-basic/1.6.2/maven-resolver-connector-basic-1.6.2.jar:/home/rmarques/.m2/repository/org/apache/maven/resolver/maven-resolver-transport-wagon/1.6.2/maven-resolver-transport-wagon-1.6.2.jar:/home/rmarques/.m2/repository/org/apache/maven/wagon/wagon-http/3.4.3/wagon-http-3.4.3.jar:/home/rmarques/.m2/repository/org/apache/maven/wagon/wagon-http-shared/3.4.3/wagon-http-shared-3.4.3.jar:/home/rmarques/.m2/repository/org/jsoup/jsoup/1.12.1/jsoup-1.12.1.jar:/home/rmarques/.m2/repository/org/apache/maven/wagon/wagon-provider-api/3.4.3/wagon-provider-api-3.4.3.jar:/home/rmarques/.m2/repository/org/apache/maven/wagon/wagon-file/3.4.3/wagon-file-3.4.3.jar:/home/rmarques/.m2/repository/io/quarkus/quarkus-bootstrap-gradle-resolver/2.0.0.Final/quarkus-bootstrap-gradle-resolver-2.0.0.Final.jar:/home/rmarques/.m2/repository/io/smallrye/common/smallrye-common-io/1.6.0/smallrye-common-io-1.6.0.jar:/home/rmarques/.m2/repository/org/eclipse/sisu/org.eclipse.sisu.inject/0.3.4/org.eclipse.sisu.inject-0.3.4.jar:/home/rmarques/.m2/repository/io/quarkus/quarkus-test-common/2.0.0.Final/quarkus-test-common-2.0.0.Final.jar:/home/rmarques/.m2/repository/io/quarkus/quarkus-core-deployment/2.0.0.Final/quarkus-core-deployment-2.0.0.Final.jar:/home/rmarques/.m2/repository/org/aesh/readline/2.1/readline-2.1.jar:/home/rmarques/.m2/repository/org/fusesource/jansi/jansi/1.18/jansi-1.18.jar:/home/rmarques/.m2/repository/io/quarkus/gizmo/gizmo/1.0.9.Final/gizmo-1.0.9.Final.jar:/home/rmarques/.m2/repository/org/ow2/asm/asm-util/9.1/asm-util-9.1.jar:/home/rmarques/.m2/repository/org/ow2/asm/asm-tree/9.1/asm-tree-9.1.jar:/home/rmarques/.m2/repository/org/ow2/asm/asm-analysis/9.1/asm-analysis-9.1.jar:/home/rmarques/.m2/repository/org/ow2/asm/asm/9.1/asm-9.1.jar:/home/rmarques/.m2/repository/io/quarkus/quarkus-class-change-agent/2.0.0.Final/quarkus-class-change-agent-2.0.0.Final.jar:/home/rmarques/.m2/repository/io/quarkus/quarkus-devtools-utilities/2.0.0.Final/quarkus-devtools-utilities-2.0.0.Final.jar:/home/rmarques/.m2/repository/io/quarkus/quarkus-builder/2.0.0.Final/quarkus-builder-2.0.0.Final.jar:/home/rmarques/.m2/repository/org/junit/platform/junit-platform-launcher/1.7.2/junit-platform-launcher-1.7.2.jar:/home/rmarques/.m2/repository/io/quarkus/quarkus-jsonp-deployment/2.0.0.Final/quarkus-jsonp-deployment-2.0.0.Final.jar:/home/rmarques/.m2/repository/io/quarkus/quarkus-jsonp/2.0.0.Final/quarkus-jsonp-2.0.0.Final.jar:/home/rmarques/.m2/repository/org/glassfish/jakarta.json/1.1.6/jakarta.json-1.1.6.jar:/home/rmarques/.m2/repository/org/jboss/jandex/2.3.0.Final/jandex-2.3.0.Final.jar:/home/rmarques/.m2/repository/org/jboss/logging/commons-logging-jboss-logging/1.0.0.Final/commons-logging-jboss-logging-1.0.0.Final.jar:/home/rmarques/.m2/repository/org/junit/jupiter/junit-jupiter/5.7.2/junit-jupiter-5.7.2.jar:/home/rmarques/.m2/repository/org/junit/jupiter/junit-jupiter-api/5.7.2/junit-jupiter-api-5.7.2.jar:/home/rmarques/.m2/repository/org/apiguardian/apiguardian-api/1.1.0/apiguardian-api-1.1.0.jar:/home/rmarques/.m2/repository/org/opentest4j/opentest4j/1.2.0/opentest4j-1.2.0.jar:/home/rmarques/.m2/repository/org/junit/platform/junit-platform-commons/1.7.2/junit-platform-commons-1.7.2.jar:/home/rmarques/.m2/repository/org/junit/jupiter/junit-jupiter-params/5.7.2/junit-jupiter-params-5.7.2.jar:/home/rmarques/.m2/repository/org/junit/jupiter/junit-jupiter-engine/5.7.2/junit-jupiter-engine-5.7.2.jar:/home/rmarques/.m2/repository/org/junit/platform/junit-platform-engine/1.7.2/junit-platform-engine-1.7.2.jar:/home/rmarques/.m2/repository/com/thoughtworks/xstream/xstream/1.4.17/xstream-1.4.17.jar:/home/rmarques/.m2/repository/io/github/x-stream/mxparser/1.2.1/mxparser-1.2.1.jar:/home/rmarques/.m2/repository/xmlpull/xmlpull/1.1.3.1/xmlpull-1.1.3.1.jar:/home/rmarques/.m2/repository/io/rest-assured/rest-assured/4.4.0/rest-assured-4.4.0.jar:/home/rmarques/.m2/repository/org/codehaus/groovy/groovy/3.0.8/groovy-3.0.8.jar:/home/rmarques/.m2/repository/org/codehaus/groovy/groovy-xml/3.0.8/groovy-xml-3.0.8.jar:/home/rmarques/.m2/repository/org/apache/httpcomponents/httpclient/4.5.13/httpclient-4.5.13.jar:/home/rmarques/.m2/repository/org/apache/httpcomponents/httpcore/4.4.14/httpcore-4.4.14.jar:/home/rmarques/.m2/repository/commons-codec/commons-codec/1.15/commons-codec-1.15.jar:/home/rmarques/.m2/repository/org/apache/httpcomponents/httpmime/4.5.13/httpmime-4.5.13.jar:/home/rmarques/.m2/repository/org/hamcrest/hamcrest/2.1/hamcrest-2.1.jar:/home/rmarques/.m2/repository/org/ccil/cowan/tagsoup/tagsoup/1.2.1/tagsoup-1.2.1.jar:/home/rmarques/.m2/repository/io/rest-assured/json-path/4.4.0/json-path-4.4.0.jar:/home/rmarques/.m2/repository/org/codehaus/groovy/groovy-json/3.0.8/groovy-json-3.0.8.jar:/home/rmarques/.m2/repository/io/rest-assured/rest-assured-common/4.4.0/rest-assured-common-4.4.0.jar:/home/rmarques/.m2/repository/io/rest-assured/xml-path/4.4.0/xml-path-4.4.0.jar:/home/rmarques/.m2/repository/org/apache/commons/commons-lang3/3.12.0/commons-lang3-3.12.0.jar:/home/rmarques/.m2/repository/jakarta/xml/bind/jakarta.xml.bind-api/2.3.3/jakarta.xml.bind-api-2.3.3.jar:/home/rmarques/.m2/repository/jakarta/activation/jakarta.activation-api/1.2.1/jakarta.activation-api-1.2.1.jar:/home/rmarques/.m2/repository/com/sun/xml/bind/jaxb-impl/2.3.3/jaxb-impl-2.3.3.jar:"/>
    <property name="quarkus.container-image.build" value="true"/>
    <property name="java.vm.vendor" value="Red Hat, Inc."/>
    <property name="sun.arch.data.model" value="64"/>
    <property name="java.vendor.url" value="https://www.redhat.com/"/>
    <property name="user.timezone" value="America/Sao_Paulo"/>
    <property name="java.vm.specification.version" value="11"/>
    <property name="os.name" value="Linux"/>
    <property name="sun.java.launcher" value="SUN_STANDARD"/>
    <property name="user.country" value="US"/>
    <property name="sun.boot.library.path" value="/usr/lib/jvm/java-11-openjdk-11.0.11.0.9-2.el8_4.x86_64/lib"/>
    <property name="sun.java.command" value="/home/rmarques/Documents/workspace-java/quarkus-sample-ab/target/surefire/surefirebooter18338422846098173926.jar /home/rmarques/Documents/workspace-java/quarkus-sample-ab/target/surefire 2021-06-30T22-24-40_157-jvmRun1 surefire10943503290795190069tmp surefire_016653077550547774634tmp"/>
    <property name="jdk.debug" value="release"/>
    <property name="maven.home" value="/home/rmarques/.m2/wrapper/dists/apache-maven-3.6.0-bin/2dakv70gp803gtm5ve1ufmvttn/apache-maven-3.6.0"/>
    <property name="surefire.test.class.path" value="/home/rmarques/Documents/workspace-java/quarkus-sample-ab/target/test-classes:/home/rmarques/Documents/workspace-java/quarkus-sample-ab/target/classes:/home/rmarques/.m2/repository/io/quarkus/quarkus-openshift/2.0.0.Final/quarkus-openshift-2.0.0.Final.jar:/home/rmarques/.m2/repository/io/quarkus/quarkus-kubernetes-client-internal/2.0.0.Final/quarkus-kubernetes-client-internal-2.0.0.Final.jar:/home/rmarques/.m2/repository/io/quarkus/quarkus-container-image-openshift/2.0.0.Final/quarkus-container-image-openshift-2.0.0.Final.jar:/home/rmarques/.m2/repository/io/quarkus/quarkus-container-image/2.0.0.Final/quarkus-container-image-2.0.0.Final.jar:/home/rmarques/.m2/repository/io/quarkus/quarkus-kubernetes/2.0.0.Final/quarkus-kubernetes-2.0.0.Final.jar:/home/rmarques/.m2/repository/io/quarkus/quarkus-resteasy/2.0.0.Final/quarkus-resteasy-2.0.0.Final.jar:/home/rmarques/.m2/repository/io/quarkus/quarkus-vertx-http/2.0.0.Final/quarkus-vertx-http-2.0.0.Final.jar:/home/rmarques/.m2/repository/io/quarkus/quarkus-security-runtime-spi/2.0.0.Final/quarkus-security-runtime-spi-2.0.0.Final.jar:/home/rmarques/.m2/repository/io/quarkus/quarkus-mutiny/2.0.0.Final/quarkus-mutiny-2.0.0.Final.jar:/home/rmarques/.m2/repository/io/smallrye/reactive/mutiny/0.17.0/mutiny-0.17.0.jar:/home/rmarques/.m2/repository/org/reactivestreams/reactive-streams/1.0.3/reactive-streams-1.0.3.jar:/home/rmarques/.m2/repository/io/smallrye/common/smallrye-common-annotation/1.6.0/smallrye-common-annotation-1.6.0.jar:/home/rmarques/.m2/repository/io/quarkus/quarkus-smallrye-context-propagation/2.0.0.Final/quarkus-smallrye-context-propagation-2.0.0.Final.jar:/home/rmarques/.m2/repository/io/smallrye/smallrye-context-propagation/1.2.0/smallrye-context-propagation-1.2.0.jar:/home/rmarques/.m2/repository/io/smallrye/smallrye-context-propagation-api/1.2.0/smallrye-context-propagation-api-1.2.0.jar:/home/rmarques/.m2/repository/io/smallrye/smallrye-context-propagation-storage/1.2.0/smallrye-context-propagation-storage-1.2.0.jar:/home/rmarques/.m2/repository/io/smallrye/reactive/mutiny-smallrye-context-propagation/0.17.0/mutiny-smallrye-context-propagation-0.17.0.jar:/home/rmarques/.m2/repository/io/quarkus/quarkus-vertx-http-dev-console-runtime-spi/2.0.0.Final/quarkus-vertx-http-dev-console-runtime-spi-2.0.0.Final.jar:/home/rmarques/.m2/repository/io/quarkus/security/quarkus-security/1.1.4.Final/quarkus-security-1.1.4.Final.jar:/home/rmarques/.m2/repository/io/quarkus/quarkus-vertx-core/2.0.0.Final/quarkus-vertx-core-2.0.0.Final.jar:/home/rmarques/.m2/repository/io/quarkus/quarkus-netty/2.0.0.Final/quarkus-netty-2.0.0.Final.jar:/home/rmarques/.m2/repository/io/netty/netty-codec/4.1.65.Final/netty-codec-4.1.65.Final.jar:/home/rmarques/.m2/repository/io/netty/netty-codec-http/4.1.65.Final/netty-codec-http-4.1.65.Final.jar:/home/rmarques/.m2/repository/io/netty/netty-codec-http2/4.1.65.Final/netty-codec-http2-4.1.65.Final.jar:/home/rmarques/.m2/repository/io/netty/netty-handler/4.1.65.Final/netty-handler-4.1.65.Final.jar:/home/rmarques/.m2/repository/io/netty/netty-codec-haproxy/4.1.65.Final/netty-codec-haproxy-4.1.65.Final.jar:/home/rmarques/.m2/repository/io/netty/netty-buffer/4.1.65.Final/netty-buffer-4.1.65.Final.jar:/home/rmarques/.m2/repository/io/netty/netty-transport/4.1.65.Final/netty-transport-4.1.65.Final.jar:/home/rmarques/.m2/repository/io/vertx/vertx-core/4.1.0/vertx-core-4.1.0.jar:/home/rmarques/.m2/repository/io/netty/netty-common/4.1.65.Final/netty-common-4.1.65.Final.jar:/home/rmarques/.m2/repository/io/netty/netty-handler-proxy/4.1.65.Final/netty-handler-proxy-4.1.65.Final.jar:/home/rmarques/.m2/repository/io/netty/netty-codec-socks/4.1.65.Final/netty-codec-socks-4.1.65.Final.jar:/home/rmarques/.m2/repository/io/netty/netty-resolver/4.1.65.Final/netty-resolver-4.1.65.Final.jar:/home/rmarques/.m2/repository/io/netty/netty-resolver-dns/4.1.65.Final/netty-resolver-dns-4.1.65.Final.jar:/home/rmarques/.m2/repository/io/netty/netty-codec-dns/4.1.65.Final/netty-codec-dns-4.1.65.Final.jar:/home/rmarques/.m2/repository/com/fasterxml/jackson/core/jackson-core/2.12.3/jackson-core-2.12.3.jar:/home/rmarques/.m2/repository/io/vertx/vertx-web/4.1.0/vertx-web-4.1.0.jar:/home/rmarques/.m2/repository/io/vertx/vertx-web-common/4.1.0/vertx-web-common-4.1.0.jar:/home/rmarques/.m2/repository/io/vertx/vertx-auth-common/4.1.0/vertx-auth-common-4.1.0.jar:/home/rmarques/.m2/repository/io/vertx/vertx-bridge-common/4.1.0/vertx-bridge-common-4.1.0.jar:/home/rmarques/.m2/repository/io/quarkus/quarkus-resteasy-server-common/2.0.0.Final/quarkus-resteasy-server-common-2.0.0.Final.jar:/home/rmarques/.m2/repository/io/quarkus/quarkus-resteasy-common/2.0.0.Final/quarkus-resteasy-common-2.0.0.Final.jar:/home/rmarques/.m2/repository/org/jboss/resteasy/resteasy-core/4.6.1.Final/resteasy-core-4.6.1.Final.jar:/home/rmarques/.m2/repository/org/jboss/spec/javax/ws/rs/jboss-jaxrs-api_2.1_spec/2.0.1.Final/jboss-jaxrs-api_2.1_spec-2.0.1.Final.jar:/home/rmarques/.m2/repository/org/jboss/spec/javax/xml/bind/jboss-jaxb-api_2.3_spec/2.0.0.Final/jboss-jaxb-api_2.3_spec-2.0.0.Final.jar:/home/rmarques/.m2/repository/org/jboss/resteasy/resteasy-core-spi/4.6.1.Final/resteasy-core-spi-4.6.1.Final.jar:/home/rmarques/.m2/repository/com/ibm/async/asyncutil/0.1.0/asyncutil-0.1.0.jar:/home/rmarques/.m2/repository/com/sun/activation/jakarta.activation/1.2.1/jakarta.activation-1.2.1.jar:/home/rmarques/.m2/repository/jakarta/validation/jakarta.validation-api/2.0.2/jakarta.validation-api-2.0.2.jar:/home/rmarques/.m2/repository/io/quarkus/quarkus-arc/2.0.0.Final/quarkus-arc-2.0.0.Final.jar:/home/rmarques/.m2/repository/io/quarkus/arc/arc/2.0.0.Final/arc-2.0.0.Final.jar:/home/rmarques/.m2/repository/jakarta/enterprise/jakarta.enterprise.cdi-api/2.0.2/jakarta.enterprise.cdi-api-2.0.2.jar:/home/rmarques/.m2/repository/jakarta/el/jakarta.el-api/3.0.3/jakarta.el-api-3.0.3.jar:/home/rmarques/.m2/repository/jakarta/interceptor/jakarta.interceptor-api/1.2.5/jakarta.interceptor-api-1.2.5.jar:/home/rmarques/.m2/repository/jakarta/annotation/jakarta.annotation-api/1.3.5/jakarta.annotation-api-1.3.5.jar:/home/rmarques/.m2/repository/jakarta/transaction/jakarta.transaction-api/1.3.3/jakarta.transaction-api-1.3.3.jar:/home/rmarques/.m2/repository/org/jboss/logging/jboss-logging/3.4.2.Final/jboss-logging-3.4.2.Final.jar:/home/rmarques/.m2/repository/io/quarkus/quarkus-core/2.0.0.Final/quarkus-core-2.0.0.Final.jar:/home/rmarques/.m2/repository/jakarta/inject/jakarta.inject-api/1.0/jakarta.inject-api-1.0.jar:/home/rmarques/.m2/repository/io/quarkus/quarkus-ide-launcher/2.0.0.Final/quarkus-ide-launcher-2.0.0.Final.jar:/home/rmarques/.m2/repository/io/quarkus/quarkus-development-mode-spi/2.0.0.Final/quarkus-development-mode-spi-2.0.0.Final.jar:/home/rmarques/.m2/repository/io/smallrye/config/smallrye-config/2.3.0/smallrye-config-2.3.0.jar:/home/rmarques/.m2/repository/io/smallrye/config/smallrye-config-core/2.3.0/smallrye-config-core-2.3.0.jar:/home/rmarques/.m2/repository/org/eclipse/microprofile/config/microprofile-config-api/2.0/microprofile-config-api-2.0.jar:/home/rmarques/.m2/repository/io/smallrye/common/smallrye-common-expression/1.6.0/smallrye-common-expression-1.6.0.jar:/home/rmarques/.m2/repository/io/smallrye/common/smallrye-common-function/1.6.0/smallrye-common-function-1.6.0.jar:/home/rmarques/.m2/repository/io/smallrye/common/smallrye-common-constraint/1.6.0/smallrye-common-constraint-1.6.0.jar:/home/rmarques/.m2/repository/io/smallrye/common/smallrye-common-classloader/1.6.0/smallrye-common-classloader-1.6.0.jar:/home/rmarques/.m2/repository/io/smallrye/config/smallrye-config-common/2.3.0/smallrye-config-common-2.3.0.jar:/home/rmarques/.m2/repository/org/jboss/logmanager/jboss-logmanager-embedded/1.0.9/jboss-logmanager-embedded-1.0.9.jar:/home/rmarques/.m2/repository/org/jboss/logging/jboss-logging-annotations/2.2.1.Final/jboss-logging-annotations-2.2.1.Final.jar:/home/rmarques/.m2/repository/org/jboss/threads/jboss-threads/3.4.0.Final/jboss-threads-3.4.0.Final.jar:/home/rmarques/.m2/repository/org/slf4j/slf4j-api/1.7.30/slf4j-api-1.7.30.jar:/home/rmarques/.m2/repository/org/jboss/slf4j/slf4j-jboss-logmanager/1.1.0.Final/slf4j-jboss-logmanager-1.1.0.Final.jar:/home/rmarques/.m2/repository/org/graalvm/sdk/graal-sdk/21.1.0/graal-sdk-21.1.0.jar:/home/rmarques/.m2/repository/org/wildfly/common/wildfly-common/1.5.4.Final-format-001/wildfly-common-1.5.4.Final-format-001.jar:/home/rmarques/.m2/repository/io/quarkus/quarkus-bootstrap-runner/2.0.0.Final/quarkus-bootstrap-runner-2.0.0.Final.jar:/home/rmarques/.m2/repository/org/eclipse/microprofile/context-propagation/microprofile-context-propagation-api/1.2/microprofile-context-propagation-api-1.2.jar:/home/rmarques/.m2/repository/io/quarkus/quarkus-junit5/2.0.0.Final/quarkus-junit5-2.0.0.Final.jar:/home/rmarques/.m2/repository/io/quarkus/quarkus-bootstrap-core/2.0.0.Final/quarkus-bootstrap-core-2.0.0.Final.jar:/home/rmarques/.m2/repository/io/quarkus/quarkus-bootstrap-app-model/2.0.0.Final/quarkus-bootstrap-app-model-2.0.0.Final.jar:/home/rmarques/.m2/repository/io/quarkus/quarkus-bootstrap-maven-resolver/2.0.0.Final/quarkus-bootstrap-maven-resolver-2.0.0.Final.jar:/home/rmarques/.m2/repository/org/apache/maven/maven-embedder/3.8.1/maven-embedder-3.8.1.jar:/home/rmarques/.m2/repository/org/apache/maven/maven-settings/3.8.1/maven-settings-3.8.1.jar:/home/rmarques/.m2/repository/org/apache/maven/maven-core/3.8.1/maven-core-3.8.1.jar:/home/rmarques/.m2/repository/org/apache/maven/maven-artifact/3.8.1/maven-artifact-3.8.1.jar:/home/rmarques/.m2/repository/org/codehaus/plexus/plexus-component-annotations/2.1.0/plexus-component-annotations-2.1.0.jar:/home/rmarques/.m2/repository/org/apache/maven/maven-plugin-api/3.8.1/maven-plugin-api-3.8.1.jar:/home/rmarques/.m2/repository/org/apache/maven/maven-model/3.8.1/maven-model-3.8.1.jar:/home/rmarques/.m2/repository/org/apache/maven/maven-model-builder/3.8.1/maven-model-builder-3.8.1.jar:/home/rmarques/.m2/repository/org/apache/maven/maven-builder-support/3.8.1/maven-builder-support-3.8.1.jar:/home/rmarques/.m2/repository/org/apache/maven/resolver/maven-resolver-api/1.6.2/maven-resolver-api-1.6.2.jar:/home/rmarques/.m2/repository/org/apache/maven/resolver/maven-resolver-util/1.6.2/maven-resolver-util-1.6.2.jar:/home/rmarques/.m2/repository/org/apache/maven/shared/maven-shared-utils/3.2.1/maven-shared-utils-3.2.1.jar:/home/rmarques/.m2/repository/commons-io/commons-io/2.8.0/commons-io-2.8.0.jar:/home/rmarques/.m2/repository/com/google/inject/guice/4.2.1/guice-4.2.1-no_aop.jar:/home/rmarques/.m2/repository/com/google/guava/guava/30.1.1-jre/guava-30.1.1-jre.jar:/home/rmarques/.m2/repository/com/google/guava/failureaccess/1.0.1/failureaccess-1.0.1.jar:/home/rmarques/.m2/repository/com/google/guava/listenablefuture/9999.0-empty-to-avoid-conflict-with-guava/listenablefuture-9999.0-empty-to-avoid-conflict-with-guava.jar:/home/rmarques/.m2/repository/org/codehaus/plexus/plexus-utils/3.2.1/plexus-utils-3.2.1.jar:/home/rmarques/.m2/repository/org/codehaus/plexus/plexus-classworlds/2.6.0/plexus-classworlds-2.6.0.jar:/home/rmarques/.m2/repository/commons-cli/commons-cli/1.4/commons-cli-1.4.jar:/home/rmarques/.m2/repository/org/eclipse/sisu/org.eclipse.sisu.plexus/0.3.4/org.eclipse.sisu.plexus-0.3.4.jar:/home/rmarques/.m2/repository/org/apache/maven/maven-settings-builder/3.8.1/maven-settings-builder-3.8.1.jar:/home/rmarques/.m2/repository/org/codehaus/plexus/plexus-interpolation/1.25/plexus-interpolation-1.25.jar:/home/rmarques/.m2/repository/org/sonatype/plexus/plexus-sec-dispatcher/1.4/plexus-sec-dispatcher-1.4.jar:/home/rmarques/.m2/repository/org/sonatype/plexus/plexus-cipher/1.4/plexus-cipher-1.4.jar:/home/rmarques/.m2/repository/org/apache/maven/maven-resolver-provider/3.8.1/maven-resolver-provider-3.8.1.jar:/home/rmarques/.m2/repository/org/apache/maven/maven-repository-metadata/3.8.1/maven-repository-metadata-3.8.1.jar:/home/rmarques/.m2/repository/org/apache/maven/resolver/maven-resolver-spi/1.6.2/maven-resolver-spi-1.6.2.jar:/home/rmarques/.m2/repository/org/apache/maven/resolver/maven-resolver-impl/1.6.2/maven-resolver-impl-1.6.2.jar:/home/rmarques/.m2/repository/org/apache/maven/resolver/maven-resolver-connector-basic/1.6.2/maven-resolver-connector-basic-1.6.2.jar:/home/rmarques/.m2/repository/org/apache/maven/resolver/maven-resolver-transport-wagon/1.6.2/maven-resolver-transport-wagon-1.6.2.jar:/home/rmarques/.m2/repository/org/apache/maven/wagon/wagon-http/3.4.3/wagon-http-3.4.3.jar:/home/rmarques/.m2/repository/org/apache/maven/wagon/wagon-http-shared/3.4.3/wagon-http-shared-3.4.3.jar:/home/rmarques/.m2/repository/org/jsoup/jsoup/1.12.1/jsoup-1.12.1.jar:/home/rmarques/.m2/repository/org/apache/maven/wagon/wagon-provider-api/3.4.3/wagon-provider-api-3.4.3.jar:/home/rmarques/.m2/repository/org/apache/maven/wagon/wagon-file/3.4.3/wagon-file-3.4.3.jar:/home/rmarques/.m2/repository/io/quarkus/quarkus-bootstrap-gradle-resolver/2.0.0.Final/quarkus-bootstrap-gradle-resolver-2.0.0.Final.jar:/home/rmarques/.m2/repository/io/smallrye/common/smallrye-common-io/1.6.0/smallrye-common-io-1.6.0.jar:/home/rmarques/.m2/repository/org/eclipse/sisu/org.eclipse.sisu.inject/0.3.4/org.eclipse.sisu.inject-0.3.4.jar:/home/rmarques/.m2/repository/io/quarkus/quarkus-test-common/2.0.0.Final/quarkus-test-common-2.0.0.Final.jar:/home/rmarques/.m2/repository/io/quarkus/quarkus-core-deployment/2.0.0.Final/quarkus-core-deployment-2.0.0.Final.jar:/home/rmarques/.m2/repository/org/aesh/readline/2.1/readline-2.1.jar:/home/rmarques/.m2/repository/org/fusesource/jansi/jansi/1.18/jansi-1.18.jar:/home/rmarques/.m2/repository/io/quarkus/gizmo/gizmo/1.0.9.Final/gizmo-1.0.9.Final.jar:/home/rmarques/.m2/repository/org/ow2/asm/asm-util/9.1/asm-util-9.1.jar:/home/rmarques/.m2/repository/org/ow2/asm/asm-tree/9.1/asm-tree-9.1.jar:/home/rmarques/.m2/repository/org/ow2/asm/asm-analysis/9.1/asm-analysis-9.1.jar:/home/rmarques/.m2/repository/org/ow2/asm/asm/9.1/asm-9.1.jar:/home/rmarques/.m2/repository/io/quarkus/quarkus-class-change-agent/2.0.0.Final/quarkus-class-change-agent-2.0.0.Final.jar:/home/rmarques/.m2/repository/io/quarkus/quarkus-devtools-utilities/2.0.0.Final/quarkus-devtools-utilities-2.0.0.Final.jar:/home/rmarques/.m2/repository/io/quarkus/quarkus-builder/2.0.0.Final/quarkus-builder-2.0.0.Final.jar:/home/rmarques/.m2/repository/org/junit/platform/junit-platform-launcher/1.7.2/junit-platform-launcher-1.7.2.jar:/home/rmarques/.m2/repository/io/quarkus/quarkus-jsonp-deployment/2.0.0.Final/quarkus-jsonp-deployment-2.0.0.Final.jar:/home/rmarques/.m2/repository/io/quarkus/quarkus-jsonp/2.0.0.Final/quarkus-jsonp-2.0.0.Final.jar:/home/rmarques/.m2/repository/org/glassfish/jakarta.json/1.1.6/jakarta.json-1.1.6.jar:/home/rmarques/.m2/repository/org/jboss/jandex/2.3.0.Final/jandex-2.3.0.Final.jar:/home/rmarques/.m2/repository/org/jboss/logging/commons-logging-jboss-logging/1.0.0.Final/commons-logging-jboss-logging-1.0.0.Final.jar:/home/rmarques/.m2/repository/org/junit/jupiter/junit-jupiter/5.7.2/junit-jupiter-5.7.2.jar:/home/rmarques/.m2/repository/org/junit/jupiter/junit-jupiter-api/5.7.2/junit-jupiter-api-5.7.2.jar:/home/rmarques/.m2/repository/org/apiguardian/apiguardian-api/1.1.0/apiguardian-api-1.1.0.jar:/home/rmarques/.m2/repository/org/opentest4j/opentest4j/1.2.0/opentest4j-1.2.0.jar:/home/rmarques/.m2/repository/org/junit/platform/junit-platform-commons/1.7.2/junit-platform-commons-1.7.2.jar:/home/rmarques/.m2/repository/org/junit/jupiter/junit-jupiter-params/5.7.2/junit-jupiter-params-5.7.2.jar:/home/rmarques/.m2/repository/org/junit/jupiter/junit-jupiter-engine/5.7.2/junit-jupiter-engine-5.7.2.jar:/home/rmarques/.m2/repository/org/junit/platform/junit-platform-engine/1.7.2/junit-platform-engine-1.7.2.jar:/home/rmarques/.m2/repository/com/thoughtworks/xstream/xstream/1.4.17/xstream-1.4.17.jar:/home/rmarques/.m2/repository/io/github/x-stream/mxparser/1.2.1/mxparser-1.2.1.jar:/home/rmarques/.m2/repository/xmlpull/xmlpull/1.1.3.1/xmlpull-1.1.3.1.jar:/home/rmarques/.m2/repository/io/rest-assured/rest-assured/4.4.0/rest-assured-4.4.0.jar:/home/rmarques/.m2/repository/org/codehaus/groovy/groovy/3.0.8/groovy-3.0.8.jar:/home/rmarques/.m2/repository/org/codehaus/groovy/groovy-xml/3.0.8/groovy-xml-3.0.8.jar:/home/rmarques/.m2/repository/org/apache/httpcomponents/httpclient/4.5.13/httpclient-4.5.13.jar:/home/rmarques/.m2/repository/org/apache/httpcomponents/httpcore/4.4.14/httpcore-4.4.14.jar:/home/rmarques/.m2/repository/commons-codec/commons-codec/1.15/commons-codec-1.15.jar:/home/rmarques/.m2/repository/org/apache/httpcomponents/httpmime/4.5.13/httpmime-4.5.13.jar:/home/rmarques/.m2/repository/org/hamcrest/hamcrest/2.1/hamcrest-2.1.jar:/home/rmarques/.m2/repository/org/ccil/cowan/tagsoup/tagsoup/1.2.1/tagsoup-1.2.1.jar:/home/rmarques/.m2/repository/io/rest-assured/json-path/4.4.0/json-path-4.4.0.jar:/home/rmarques/.m2/repository/org/codehaus/groovy/groovy-json/3.0.8/groovy-json-3.0.8.jar:/home/rmarques/.m2/repository/io/rest-assured/rest-assured-common/4.4.0/rest-assured-common-4.4.0.jar:/home/rmarques/.m2/repository/io/rest-assured/xml-path/4.4.0/xml-path-4.4.0.jar:/home/rmarques/.m2/repository/org/apache/commons/commons-lang3/3.12.0/commons-lang3-3.12.0.jar:/home/rmarques/.m2/repository/jakarta/xml/bind/jakarta.xml.bind-api/2.3.3/jakarta.xml.bind-api-2.3.3.jar:/home/rmarques/.m2/repository/jakarta/activation/jakarta.activation-api/1.2.1/jakarta.activation-api-1.2.1.jar:/home/rmarques/.m2/repository/com/sun/xml/bind/jaxb-impl/2.3.3/jaxb-impl-2.3.3.jar:"/>
    <property name="sun.cpu.endian" value="little"/>
    <property name="user.home" value="/home/rmarques"/>
    <property name="user.language" value="en"/>
    <property name="java.specification.vendor" value="Oracle Corporation"/>
    <property name="io.netty.allocator.maxOrder" value="3"/>
    <property name="java.version.date" value="2021-04-20"/>
    <property name="java.home" value="/usr/lib/jvm/java-11-openjdk-11.0.11.0.9-2.el8_4.x86_64"/>
    <property name="file.separator" value="/"/>
    <property name="basedir" value="/home/rmarques/Documents/workspace-java/quarkus-sample-ab"/>
    <property name="java.vm.compressedOopsMode" value="Zero based"/>
    <property name="line.separator" value="&#10;"/>
    <property name="java.specification.name" value="Java Platform API Specification"/>
    <property name="java.vm.specification.vendor" value="Oracle Corporation"/>
    <property name="java.awt.graphicsenv" value="sun.awt.X11GraphicsEnvironment"/>
    <property name="surefire.real.class.path" value="/home/rmarques/Documents/workspace-java/quarkus-sample-ab/target/surefire/surefirebooter18338422846098173926.jar"/>
    <property name="sun.management.compiler" value="HotSpot 64-Bit Tiered Compilers"/>
    <property name="java.runtime.version" value="11.0.11+9-LTS"/>
    <property name="user.name" value="rmarques"/>
    <property name="path.separator" value=":"/>
    <property name="securerandom.source" value="file:/dev/./urandom"/>
    <property name="os.version" value="4.18.0-305.3.1.el8_4.x86_64"/>
    <property name="java.runtime.name" value="OpenJDK Runtime Environment"/>
    <property name="file.encoding" value="UTF-8"/>
    <property name="sun.nio.ch.bugLevel" value=""/>
    <property name="java.vm.name" value="OpenJDK 64-Bit Server VM"/>
    <property name="java.vendor.version" value="18.9"/>
    <property name="localRepository" value="/home/rmarques/.m2/repository"/>
    <property name="java.vendor.url.bug" value="https://bugzilla.redhat.com/enter_bug.cgi?product=Red%20Hat%20Enterprise%20Linux%208&amp;component=java-11-openjdk"/>
    <property name="java.io.tmpdir" value="/tmp"/>
    <property name="quarkus.log.file.path" value="target/quarkus.log"/>
    <property name="java.version" value="11.0.11"/>
    <property name="user.dir" value="/home/rmarques/Documents/workspace-java/quarkus-sample-ab"/>
    <property name="os.arch" value="amd64"/>
    <property name="java.vm.specification.name" value="Java Virtual Machine Specification"/>
    <property name="vertx.disableDnsResolver" value="true"/>
    <property name="java.awt.printerjob" value="sun.print.PSPrinterJob"/>
    <property name="sun.os.patch.level" value="unknown"/>
    <property name="java.util.logging.manager" value="org.jboss.logmanager.LogManager"/>
    <property name="java.library.path" value="/usr/java/packages/lib:/usr/lib64:/lib64:/lib:/usr/lib"/>
    <property name="java.vm.info" value="mixed mode, sharing"/>
    <property name="java.vendor" value="Red Hat, Inc."/>
    <property name="java.vm.version" value="11.0.11+9-LTS"/>
    <property name="sun.io.unicode.encoding" value="UnicodeLittle"/>
    <property name="io.netty.machineId" value="a7:30:ba:1c:17:e7:9d:42"/>
    <property name="java.class.version" value="55.0"/>
  </properties>
  <testcase name="testHelloEndpoint" classname="org.acme.rest.GreetingResourceTest" time="0.893">
    <system-out><![CDATA[2021-06-30 22:24:43,331 INFO  [io.quarkus] (main) Quarkus 2.0.0.Final on JVM started in 1.159s. Listening on: http://localhost:8081
2021-06-30 22:24:43,332 INFO  [io.quarkus] (main) Profile test activated. 
2021-06-30 22:24:43,332 INFO  [io.quarkus] (main) Installed features: [cdi, kubernetes, resteasy, smallrye-context-propagation]
&amp#27;[0;34mApplication Name quarkus-a&amp#27;[0m
]]></system-out>
  </testcase>
</testsuite>